2025-12-08 22:15:54,426 - DEBUG - Enviando resumo para 5511992550655: Tarefa: Praticar MyDefones para ansiedade três vezes ao dia, iniciando hoje.
2025-12-08 22:15:54,426 - DEBUG - Enviando mensagem de texto: {'messaging_product': 'whatsapp', 'to': '5511992550655', 'type': 'text', 'text': {'body': 'Tarefa: Praticar MyDefones para ansiedade três vezes ao dia, iniciando hoje.'}}
2025-12-08 22:15:55,466 - INFO - Envio texto → 5511992550655 | Status 200
2025-12-08 22:15:55,466 - DEBUG - Resposta API: {"messaging_product":"whatsapp","contacts":[{"input":"5511992550655","wa_id":"5511992550655"}],"messages":[{"id":"wamid.HBgNNTUxMTk5MjU1MDY1NRUCABEYEjc0RkUxNENEQUVEOThDM0NCMwA="}]}
2025-12-08 22:15:55,466 - INFO - Texto enviado com sucesso → 5511992550655
2025-12-08 22:15:55,466 - DEBUG - Enviando resumo para 5511992550655: Lembrete: Verificar possibilidade de troca do dia da consulta e informar o paciente.
2025-12-08 22:15:55,466 - DEBUG - Enviando mensagem de texto: {'messaging_product': 'whatsapp', 'to': '5511992550655', 'type': 'text', 'text': {'body': 'Lembrete: Verificar possibilidade de troca do dia da consulta e informar o paciente.'}}
2025-12-08 22:15:56,414 - INFO - Envio texto → 5511992550655 | Status 200
2025-12-08 22:15:56,414 - DEBUG - Resposta API: {"messaging_product":"whatsapp","contacts":[{"input":"5511992550655","wa_id":"5511992550655"}],"messages":[{"id":"wamid.HBgNNTUxMTk5MjU1MDY1NRUCABEYEjVBNDc0MThGQzIzOEU4REEzNgA="}]}
2025-12-08 22:15:56,414 - INFO - Texto enviado com sucesso → 5511992550655
2025-12-08 22:32:11,353 - DEBUG - Enviando resumo para 5511992550655: Tarefa: Praticar MyDefones para ansiedade três vezes ao dia, iniciando hoje.
2025-12-08 22:32:11,353 - DEBUG - Enviando mensagem de texto: {'messaging_product': 'whatsapp', 'to': '5511992550655', 'type': 'text', 'text': {'body': 'Tarefa: Praticar MyDefones para ansiedade três vezes ao dia, iniciando hoje.'}}
2025-12-08 22:32:12,233 - INFO - Envio texto → 5511992550655 | Status 200
2025-12-08 22:32:12,233 - DEBUG - Resposta API: {"messaging_product":"whatsapp","contacts":[{"input":"5511992550655","wa_id":"5511992550655"}],"messages":[{"id":"wamid.HBgNNTUxMTk5MjU1MDY1NRUCABEYEkFEQjU4NjkxRDZDRjc4QzJBNAA="}]}
2025-12-08 22:32:12,233 - INFO - Texto enviado com sucesso → 5511992550655
2025-12-08 22:32:12,233 - DEBUG - Enviando resumo para 5511992550655: Lembrete: Verificar possibilidade de troca do dia da consulta e informar o paciente.
2025-12-08 22:32:12,233 - DEBUG - Enviando mensagem de texto: {'messaging_product': 'whatsapp', 'to': '5511992550655', 'type': 'text', 'text': {'body': 'Lembrete: Verificar possibilidade de troca do dia da consulta e informar o paciente.'}}
2025-12-08 22:32:13,568 - INFO - Envio texto → 5511992550655 | Status 200
2025-12-08 22:32:13,568 - DEBUG - Resposta API: {"messaging_product":"whatsapp","contacts":[{"input":"5511992550655","wa_id":"5511992550655"}],"messages":[{"id":"wamid.HBgNNTUxMTk5MjU1MDY1NRUCABEYEjYyRDk4NjhBODRFMkQ5RjhCQwA="}]}
2025-12-08 22:32:13,569 - INFO - Texto enviado com sucesso → 5511992550655
2025-12-08 22:32:59,223 - DEBUG - Enviando resumo para 5511992550655: Tarefa: Praticar MyDefones para ansiedade três vezes ao dia, iniciando hoje.
2025-12-08 22:32:59,223 - DEBUG - Enviando mensagem de texto: {'messaging_product': 'whatsapp', 'to': '5511992550655', 'type': 'text', 'text': {'body': 'Tarefa: Praticar MyDefones para ansiedade três vezes ao dia, iniciando hoje.'}}
2025-12-08 22:33:00,210 - INFO - Envio texto → 5511992550655 | Status 200
2025-12-08 22:33:00,210 - DEBUG - Resposta API: {"messaging_product":"whatsapp","contacts":[{"input":"5511992550655","wa_id":"5511992550655"}],"messages":[{"id":"wamid.HBgNNTUxMTk5MjU1MDY1NRUCABEYEjRDQTRENDFFODkzNkIxMDAwRAA="}]}
2025-12-08 22:33:00,212 - INFO - Texto enviado com sucesso → 5511992550655
2025-12-08 22:33:00,212 - DEBUG - Enviando resumo para 5511992550655: Lembrete: Verificar possibilidade de troca do dia da consulta e informar o paciente.
2025-12-08 22:33:00,214 - DEBUG - Enviando mensagem de texto: {'messaging_product': 'whatsapp', 'to': '5511992550655', 'type': 'text', 'text': {'body': 'Lembrete: Verificar possibilidade de troca do dia da consulta e informar o paciente.'}}
2025-12-08 22:33:01,149 - INFO - Envio texto → 5511992550655 | Status 200
2025-12-08 22:33:01,149 - DEBUG - Resposta API: {"messaging_product":"whatsapp","contacts":[{"input":"5511992550655","wa_id":"5511992550655"}],"messages":[{"id":"wamid.HBgNNTUxMTk5MjU1MDY1NRUCABEYEjU4NDZENUNDOTlFQkY2QzU4RQA="}]}
2025-12-08 22:33:01,155 - INFO - Texto enviado com sucesso → 5511992550655
2025-12-08 22:35:10,645 - DEBUG - Enviando resumo para 5511940360143: Tarefa: Praticar MyDefones três vezes ao dia para controle da ansiedade, iniciando hoje.
2025-12-08 22:35:10,646 - DEBUG - Enviando mensagem de texto: {'messaging_product': 'whatsapp', 'to': '5511940360143', 'type': 'text', 'text': {'body': 'Tarefa: Praticar MyDefones três vezes ao dia para controle da ansiedade, iniciando hoje.'}}
2025-12-08 22:35:11,616 - INFO - Envio texto → 5511940360143 | Status 200
2025-12-08 22:35:11,616 - DEBUG - Resposta API: {"messaging_product":"whatsapp","contacts":[{"input":"5511940360143","wa_id":"5511940360143"}],"messages":[{"id":"wamid.HBgNNTUxMTk0MDM2MDE0MxUCABEYEjdERkVCOUIyNjYzQzc1QkJDOAA="}]}
2025-12-08 22:35:11,616 - INFO - Texto enviado com sucesso → 5511940360143
2025-12-08 22:35:11,616 - DEBUG - Enviando resumo para 5511940360143: Próximo passo: Verificar possibilidade de troca do dia da consulta e informar o paciente.
2025-12-08 22:35:11,616 - DEBUG - Enviando mensagem de texto: {'messaging_product': 'whatsapp', 'to': '5511940360143', 'type': 'text', 'text': {'body': 'Próximo passo: Verificar possibilidade de troca do dia da consulta e informar o paciente.'}}
2025-12-08 22:35:12,242 - INFO - Envio texto → 5511940360143 | Status 200
2025-12-08 22:35:12,242 - DEBUG - Resposta API: {"messaging_product":"whatsapp","contacts":[{"input":"5511940360143","wa_id":"5511940360143"}],"messages":[{"id":"wamid.HBgNNTUxMTk0MDM2MDE0MxUCABEYEjM3MjQ5RjYzMUM1NTZFMDNBNgA="}]}
2025-12-08 22:35:12,245 - INFO - Texto enviado com sucesso → 5511940360143
2025-12-08 22:41:59,244 - DEBUG - Enviando resumo para 5511940360143: Tarefa: Praticar MyDefones três vezes ao dia para controle da ansiedade, iniciando hoje.
2025-12-08 22:41:59,245 - DEBUG - Enviando mensagem de texto: {'messaging_product': 'whatsapp', 'to': '5511940360143', 'type': 'text', 'text': {'body': 'Tarefa: Praticar MyDefones três vezes ao dia para controle da ansiedade, iniciando hoje.'}}
2025-12-08 22:42:00,273 - INFO - Envio texto → 5511940360143 | Status 200
2025-12-08 22:42:00,273 - DEBUG - Resposta API: {"messaging_product":"whatsapp","contacts":[{"input":"5511940360143","wa_id":"5511940360143"}],"messages":[{"id":"wamid.HBgNNTUxMTk0MDM2MDE0MxUCABEYEjJCNjZGMDk3RTVENDNGMDVBRAA="}]}
2025-12-08 22:42:00,274 - INFO - Texto enviado com sucesso → 5511940360143
2025-12-08 22:42:00,274 - DEBUG - Enviando resumo para 5511940360143: Próximo passo: Verificar possibilidade de troca do dia da consulta e informar o paciente.
2025-12-08 22:42:00,274 - DEBUG - Enviando mensagem de texto: {'messaging_product': 'whatsapp', 'to': '5511940360143', 'type': 'text', 'text': {'body': 'Próximo passo: Verificar possibilidade de troca do dia da consulta e informar o paciente.'}}
2025-12-08 22:42:01,354 - INFO - Envio texto → 5511940360143 | Status 200
2025-12-08 22:42:01,354 - DEBUG - Resposta API: {"messaging_product":"whatsapp","contacts":[{"input":"5511940360143","wa_id":"5511940360143"}],"messages":[{"id":"wamid.HBgNNTUxMTk0MDM2MDE0MxUCABEYEkJFRTU2NENGQTExNDcwREI1OAA="}]}
2025-12-08 22:42:01,359 - INFO - Texto enviado com sucesso → 5511940360143
2025-12-08 22:42:48,237 - DEBUG - Enviando resumo para 5511940360143: Tarefa: Praticar MyDefones três vezes ao dia para controle da ansiedade, iniciando hoje.
2025-12-08 22:42:48,238 - DEBUG - Enviando mensagem de texto: {'messaging_product': 'whatsapp', 'to': '5511940360143', 'type': 'text', 'text': {'body': 'Tarefa: Praticar MyDefones três vezes ao dia para controle da ansiedade, iniciando hoje.'}}
2025-12-08 22:42:49,168 - INFO - Envio texto → 5511940360143 | Status 200
2025-12-08 22:42:49,168 - DEBUG - Resposta API: {"messaging_product":"whatsapp","contacts":[{"input":"5511940360143","wa_id":"5511940360143"}],"messages":[{"id":"wamid.HBgNNTUxMTk0MDM2MDE0MxUCABEYEjVFQjY2NEFBRjAxRjlBRDY0RAA="}]}
2025-12-08 22:42:49,168 - INFO - Texto enviado com sucesso → 5511940360143
2025-12-08 22:42:49,168 - DEBUG - Enviando resumo para 5511940360143: Próximo passo: Verificar possibilidade de troca do dia da consulta e informar o paciente.
2025-12-08 22:42:49,168 - DEBUG - Enviando mensagem de texto: {'messaging_product': 'whatsapp', 'to': '5511940360143', 'type': 'text', 'text': {'body': 'Próximo passo: Verificar possibilidade de troca do dia da consulta e informar o paciente.'}}
2025-12-08 22:42:49,815 - INFO - Envio texto → 5511940360143 | Status 200
2025-12-08 22:42:49,815 - DEBUG - Resposta API: {"messaging_product":"whatsapp","contacts":[{"input":"5511940360143","wa_id":"5511940360143"}],"messages":[{"id":"wamid.HBgNNTUxMTk0MDM2MDE0MxUCABEYEkI0MDlCOTY4NEQ2M0Y3MzE2OQA="}]}
2025-12-08 22:42:49,818 - INFO - Texto enviado com sucesso → 5511940360143
2025-12-08 22:43:36,932 - DEBUG - Enviando resumo para 5511940360143: Tarefa: Praticar MyDefones três vezes ao dia para controle da ansiedade, iniciando hoje.
2025-12-08 22:43:36,932 - DEBUG - Enviando mensagem de texto: {'messaging_product': 'whatsapp', 'to': '5511940360143', 'type': 'text', 'text': {'body': 'Tarefa: Praticar MyDefones três vezes ao dia para controle da ansiedade, iniciando hoje.'}}
2025-12-08 22:43:37,959 - INFO - Envio texto → 5511940360143 | Status 200
2025-12-08 22:43:37,960 - DEBUG - Resposta API: {"messaging_product":"whatsapp","contacts":[{"input":"5511940360143","wa_id":"5511940360143"}],"messages":[{"id":"wamid.HBgNNTUxMTk0MDM2MDE0MxUCABEYEjQ1NUVCQzg3MUQxMzVBNzYwMwA="}]}
2025-12-08 22:43:37,961 - INFO - Texto enviado com sucesso → 5511940360143
2025-12-08 22:43:37,961 - DEBUG - Enviando resumo para 5511940360143: Próximo passo: Verificar possibilidade de troca do dia da consulta e informar o paciente.
2025-12-08 22:43:37,961 - DEBUG - Enviando mensagem de texto: {'messaging_product': 'whatsapp', 'to': '5511940360143', 'type': 'text', 'text': {'body': 'Próximo passo: Verificar possibilidade de troca do dia da consulta e informar o paciente.'}}
2025-12-08 22:43:38,925 - INFO - Envio texto → 5511940360143 | Status 200
2025-12-08 22:43:38,925 - DEBUG - Resposta API: {"messaging_product":"whatsapp","contacts":[{"input":"5511940360143","wa_id":"5511940360143"}],"messages":[{"id":"wamid.HBgNNTUxMTk0MDM2MDE0MxUCABEYEkU2RTJENTgwNTM4RDY5OEI0QQA="}]}
2025-12-08 22:43:38,925 - INFO - Texto enviado com sucesso → 5511940360143
2025-12-08 22:44:14,692 - DEBUG - Enviando resumo para 5511992550655: Tarefa: Praticar MyDefones para ansiedade três vezes ao dia, iniciando hoje.
2025-12-08 22:44:14,692 - DEBUG - Enviando mensagem de texto: {'messaging_product': 'whatsapp', 'to': '5511992550655', 'type': 'text', 'text': {'body': 'Tarefa: Praticar MyDefones para ansiedade três vezes ao dia, iniciando hoje.'}}
2025-12-08 22:44:15,554 - INFO - Envio texto → 5511992550655 | Status 200
2025-12-08 22:44:15,554 - DEBUG - Resposta API: {"messaging_product":"whatsapp","contacts":[{"input":"5511992550655","wa_id":"5511992550655"}],"messages":[{"id":"wamid.HBgNNTUxMTk5MjU1MDY1NRUCABEYEjU1RTNERTJBNUU5MzlBQ0VDQwA="}]}
2025-12-08 22:44:15,571 - INFO - Texto enviado com sucesso → 5511992550655
2025-12-08 22:44:15,571 - DEBUG - Enviando resumo para 5511992550655: Lembrete: Verificar possibilidade de troca do dia da consulta e informar o paciente.
2025-12-08 22:44:15,571 - DEBUG - Enviando mensagem de texto: {'messaging_product': 'whatsapp', 'to': '5511992550655', 'type': 'text', 'text': {'body': 'Lembrete: Verificar possibilidade de troca do dia da consulta e informar o paciente.'}}
2025-12-08 22:44:16,571 - INFO - Envio texto → 5511992550655 | Status 200
2025-12-08 22:44:16,571 - DEBUG - Resposta API: {"messaging_product":"whatsapp","contacts":[{"input":"5511992550655","wa_id":"5511992550655"}],"messages":[{"id":"wamid.HBgNNTUxMTk5MjU1MDY1NRUCABEYEjUyRDM4OEIwNzg3OTg0MDI4NwA="}]}
2025-12-08 22:44:16,571 - INFO - Texto enviado com sucesso → 5511992550655
2025-12-13 11:44:41,877 - DEBUG - Enviando resumo para 5511992550655: Tarefa: Praticar MyDefones para ansiedade três vezes ao dia, iniciando hoje.
2025-12-13 11:44:41,878 - DEBUG - Enviando mensagem de texto: {'messaging_product': 'whatsapp', 'to': '5511992550655', 'type': 'text', 'text': {'body': 'Tarefa: Praticar MyDefones para ansiedade três vezes ao dia, iniciando hoje.'}}
2025-12-13 11:44:43,539 - INFO - Envio texto → 5511992550655 | Status 200
2025-12-13 11:44:43,539 - DEBUG - Resposta API: {"messaging_product":"whatsapp","contacts":[{"input":"5511992550655","wa_id":"5511992550655"}],"messages":[{"id":"wamid.HBgNNTUxMTk5MjU1MDY1NRUCABEYEjc0NkI2MzBCQ0UyQkFBNjNCMQA="}]}
2025-12-13 11:44:43,540 - INFO - Texto enviado com sucesso → 5511992550655
2025-12-13 11:44:43,540 - DEBUG - Enviando resumo para 5511992550655: Lembrete: Verificar possibilidade de troca do dia da consulta e informar o paciente.
2025-12-13 11:44:43,540 - DEBUG - Enviando mensagem de texto: {'messaging_product': 'whatsapp', 'to': '5511992550655', 'type': 'text', 'text': {'body': 'Lembrete: Verificar possibilidade de troca do dia da consulta e informar o paciente.'}}
2025-12-13 11:44:44,385 - INFO - Envio texto → 5511992550655 | Status 200
2025-12-13 11:44:44,385 - DEBUG - Resposta API: {"messaging_product":"whatsapp","contacts":[{"input":"5511992550655","wa_id":"5511992550655"}],"messages":[{"id":"wamid.HBgNNTUxMTk5MjU1MDY1NRUCABEYEkFEMTlFRjY2RTYxNzFFRDk3RAA="}]}
2025-12-13 11:44:44,387 - INFO - Texto enviado com sucesso → 5511992550655
2025-12-13 11:45:50,153 - DEBUG - Enviando resumo para 5511992550655: Tarefa: Praticar MyDefones para ansiedade três vezes ao dia, iniciando hoje.
2025-12-13 11:45:50,153 - DEBUG - Enviando mensagem de texto: {'messaging_product': 'whatsapp', 'to': '5511992550655', 'type': 'text', 'text': {'body': 'Tarefa: Praticar MyDefones para ansiedade três vezes ao dia, iniciando hoje.'}}
2025-12-13 11:45:51,131 - INFO - Envio texto → 5511992550655 | Status 200
2025-12-13 11:45:51,133 - DEBUG - Resposta API: {"messaging_product":"whatsapp","contacts":[{"input":"5511992550655","wa_id":"5511992550655"}],"messages":[{"id":"wamid.HBgNNTUxMTk5MjU1MDY1NRUCABEYEjQ1QjBBMkZDRUM1RDczQUM3MwA="}]}
2025-12-13 11:45:51,139 - INFO - Texto enviado com sucesso → 5511992550655
2025-12-13 11:45:51,140 - DEBUG - Enviando resumo para 5511992550655: Lembrete: Verificar possibilidade de troca do dia da consulta e informar o paciente.
2025-12-13 11:45:51,140 - DEBUG - Enviando mensagem de texto: {'messaging_product': 'whatsapp', 'to': '5511992550655', 'type': 'text', 'text': {'body': 'Lembrete: Verificar possibilidade de troca do dia da consulta e informar o paciente.'}}
2025-12-13 11:45:52,033 - INFO - Envio texto → 5511992550655 | Status 200
2025-12-13 11:45:52,033 - DEBUG - Resposta API: {"messaging_product":"whatsapp","contacts":[{"input":"5511992550655","wa_id":"5511992550655"}],"messages":[{"id":"wamid.HBgNNTUxMTk5MjU1MDY1NRUCABEYEkMyMDA0OUIxNTM1NDgxOTlBNQA="}]}
2025-12-13 11:45:52,035 - INFO - Texto enviado com sucesso → 5511992550655
